
/work/.github/workflows/docs-ci.yml
 1:1  warning  unrecognized-format  The provided document does not match any of the registered formats [OpenAPI 2.0 (Swagger), OpenAPI 3.x, OpenAPI 3.0.x, OpenAPI 3.1.x]

✖ 1 problem (0 errors, 1 warning, 0 infos, 0 hints)

/work/.gitlab-ci.yml
 1:1  warning  unrecognized-format  The provided document does not match any of the registered formats [OpenAPI 2.0 (Swagger), OpenAPI 3.x, OpenAPI 3.0.x, OpenAPI 3.1.x]

✖ 1 problem (0 errors, 1 warning, 0 infos, 0 hints)

/work/.spectral.yaml
 1:1  warning  unrecognized-format  The provided document does not match any of the registered formats [OpenAPI 2.0 (Swagger), OpenAPI 3.x, OpenAPI 3.0.x, OpenAPI 3.1.x]

✖ 1 problem (0 errors, 1 warning, 0 infos, 0 hints)

/work/.vale/styles/Russian/spelling.yml
 1:1  warning  unrecognized-format  The provided document does not match any of the registered formats [OpenAPI 2.0 (Swagger), OpenAPI 3.x, OpenAPI 3.0.x, OpenAPI 3.1.x]

✖ 1 problem (0 errors, 1 warning, 0 infos, 0 hints)

/work/.vale/styles/Russian/terms.yml
 1:1  warning  unrecognized-format  The provided document does not match any of the registered formats [OpenAPI 2.0 (Swagger), OpenAPI 3.x, OpenAPI 3.0.x, OpenAPI 3.1.x]

✖ 1 problem (0 errors, 1 warning, 0 infos, 0 hints)

/work/.vale.yml
 1:1  warning  unrecognized-format  The provided document does not match any of the registered formats [OpenAPI 2.0 (Swagger), OpenAPI 3.x, OpenAPI 3.0.x, OpenAPI 3.1.x]

✖ 1 problem (0 errors, 1 warning, 0 infos, 0 hints)

/work/docs/02_api_example.yaml
 1:1  warning  oas3-api-servers       OpenAPI "servers" must be present and non-empty array.
 2:6  warning  info-description       Info "description" must be present and non-empty string.       info
 7:9  warning  operation-description  Operation "description" must be present and non-empty string.  paths./orders.get
 7:9  warning  operation-operationId  Operation must have "operationId".                             paths./orders.get
 7:9  warning  operation-tags         Operation must have non-empty "tags" array.                    paths./orders.get

✖ 5 problems (0 errors, 5 warnings, 0 infos, 0 hints)

/work/docs/api/order.yaml
 15:10  warning  operation-description  Operation "description" must be present and non-empty string.  paths./pos/order/{guid}.post
 15:10  warning  operation-tags         Operation must have non-empty "tags" array.                    paths./pos/order/{guid}.post

✖ 2 problems (0 errors, 2 warnings, 0 infos, 0 hints)
Error running Spectral!
Use --verbose flag to print the error stack.
Error #1: must NOT have additional properties
Error running Spectral!
Use --verbose flag to print the error stack.
Error #1: must NOT have additional properties
Error running Spectral!
Use --verbose flag to print the error stack.
Error #1: must NOT have additional properties
Error running Spectral!
Use --verbose flag to print the error stack.
Error #1: must NOT have additional properties
Error running Spectral!
Use --verbose flag to print the error stack.
Error #1: must NOT have additional properties
Error running Spectral!
Use --verbose flag to print the error stack.
Error #1: must NOT have additional properties

/work/.gitlab-ci.yml
 1:1  warning  unrecognized-format  The provided document does not match any of the registered formats [OpenAPI 2.0 (Swagger), OpenAPI 3.x, OpenAPI 3.0.x, OpenAPI 3.1.x, AsyncAPI 2.0.x, AsyncAPI 2.1.x, AsyncAPI 2.2.x, AsyncAPI 2.3.x, AsyncAPI 2.4.x, AsyncAPI 2.5.x, AsyncAPI 2.6.x, AsyncAPI 3.0.x, AsyncAPI 2.x, AsyncAPI 3.x]

✖ 1 problem (0 errors, 1 warning, 0 infos, 0 hints)

/work/.spectral.yaml
 1:1  warning  unrecognized-format  The provided document does not match any of the registered formats [OpenAPI 2.0 (Swagger), OpenAPI 3.x, OpenAPI 3.0.x, OpenAPI 3.1.x, AsyncAPI 2.0.x, AsyncAPI 2.1.x, AsyncAPI 2.2.x, AsyncAPI 2.3.x, AsyncAPI 2.4.x, AsyncAPI 2.5.x, AsyncAPI 2.6.x, AsyncAPI 3.0.x, AsyncAPI 2.x, AsyncAPI 3.x]

✖ 1 problem (0 errors, 1 warning, 0 infos, 0 hints)

/work/.vale/styles/Russian/spelling.yml
 1:1  warning  unrecognized-format  The provided document does not match any of the registered formats [OpenAPI 2.0 (Swagger), OpenAPI 3.x, OpenAPI 3.0.x, OpenAPI 3.1.x, AsyncAPI 2.0.x, AsyncAPI 2.1.x, AsyncAPI 2.2.x, AsyncAPI 2.3.x, AsyncAPI 2.4.x, AsyncAPI 2.5.x, AsyncAPI 2.6.x, AsyncAPI 3.0.x, AsyncAPI 2.x, AsyncAPI 3.x]

✖ 1 problem (0 errors, 1 warning, 0 infos, 0 hints)

/work/.vale/styles/Russian/terms.yml
 1:1  warning  unrecognized-format  The provided document does not match any of the registered formats [OpenAPI 2.0 (Swagger), OpenAPI 3.x, OpenAPI 3.0.x, OpenAPI 3.1.x, AsyncAPI 2.0.x, AsyncAPI 2.1.x, AsyncAPI 2.2.x, AsyncAPI 2.3.x, AsyncAPI 2.4.x, AsyncAPI 2.5.x, AsyncAPI 2.6.x, AsyncAPI 3.0.x, AsyncAPI 2.x, AsyncAPI 3.x]

✖ 1 problem (0 errors, 1 warning, 0 infos, 0 hints)

/work/docs/02_api_example.yaml
 1:1  warning  oas3-api-servers       OpenAPI "servers" must be present and non-empty array.
 2:6  warning  info-contact           Info object must have "contact" object.                        info
 2:6  warning  info-description       Info "description" must be present and non-empty string.       info
 7:9  warning  operation-description  Operation "description" must be present and non-empty string.  paths./orders.get
 7:9  warning  operation-operationId  Operation must have "operationId".                             paths./orders.get
 7:9  warning  operation-tags         Operation must have non-empty "tags" array.                    paths./orders.get

✖ 6 problems (0 errors, 6 warnings, 0 infos, 0 hints)

/work/docs/api/order.yaml
 15:10  warning  operation-description  Operation "description" must be present and non-empty string.  paths./pos/order/{guid}.post
 15:10  warning  operation-tags         Operation must have non-empty "tags" array.                    paths./pos/order/{guid}.post

✖ 2 problems (0 errors, 2 warnings, 0 infos, 0 hints)

/work/.gitlab-ci.yml
 1:1  warning  unrecognized-format  The provided document does not match any of the registered formats [OpenAPI 2.0 (Swagger), OpenAPI 3.x, OpenAPI 3.0.x, OpenAPI 3.1.x]

✖ 1 problem (0 errors, 1 warning, 0 infos, 0 hints)

/work/.spectral.yaml
 1:1  warning  unrecognized-format  The provided document does not match any of the registered formats [OpenAPI 2.0 (Swagger), OpenAPI 3.x, OpenAPI 3.0.x, OpenAPI 3.1.x]

✖ 1 problem (0 errors, 1 warning, 0 infos, 0 hints)

/work/.vale/styles/Russian/spelling.yml
 1:1  warning  unrecognized-format  The provided document does not match any of the registered formats [OpenAPI 2.0 (Swagger), OpenAPI 3.x, OpenAPI 3.0.x, OpenAPI 3.1.x]

✖ 1 problem (0 errors, 1 warning, 0 infos, 0 hints)

/work/.vale/styles/Russian/terms.yml
 1:1  warning  unrecognized-format  The provided document does not match any of the registered formats [OpenAPI 2.0 (Swagger), OpenAPI 3.x, OpenAPI 3.0.x, OpenAPI 3.1.x]

✖ 1 problem (0 errors, 1 warning, 0 infos, 0 hints)

/work/docs/02_api_example.yaml
 1:1  warning  oas3-api-servers       OpenAPI "servers" must be present and non-empty array.
 2:6  warning  info-contact           Info object must have "contact" object.                        info
 2:6  warning  info-description       Info "description" must be present and non-empty string.       info
 7:9  warning  operation-description  Operation "description" must be present and non-empty string.  paths./orders.get
 7:9  warning  operation-operationId  Operation must have "operationId".                             paths./orders.get
 7:9  warning  operation-tags         Operation must have non-empty "tags" array.                    paths./orders.get

✖ 6 problems (0 errors, 6 warnings, 0 infos, 0 hints)

/work/docs/api/order.yaml
 15:10  warning  operation-description  Operation "description" must be present and non-empty string.  paths./pos/order/{guid}.post
 15:10  warning  operation-tags         Operation must have non-empty "tags" array.                    paths./pos/order/{guid}.post

✖ 2 problems (0 errors, 2 warnings, 0 infos, 0 hints)

/work/.gitlab-ci.yml
 1:1  warning  unrecognized-format  The provided document does not match any of the registered formats [OpenAPI 2.0 (Swagger), OpenAPI 3.x, OpenAPI 3.0.x, OpenAPI 3.1.x]

✖ 1 problem (0 errors, 1 warning, 0 infos, 0 hints)

/work/.spectral.yaml
 1:1  warning  unrecognized-format  The provided document does not match any of the registered formats [OpenAPI 2.0 (Swagger), OpenAPI 3.x, OpenAPI 3.0.x, OpenAPI 3.1.x]

✖ 1 problem (0 errors, 1 warning, 0 infos, 0 hints)

/work/.vale/styles/Russian/spelling.yml
 1:1  warning  unrecognized-format  The provided document does not match any of the registered formats [OpenAPI 2.0 (Swagger), OpenAPI 3.x, OpenAPI 3.0.x, OpenAPI 3.1.x]

✖ 1 problem (0 errors, 1 warning, 0 infos, 0 hints)

/work/.vale/styles/Russian/terms.yml
 1:1  warning  unrecognized-format  The provided document does not match any of the registered formats [OpenAPI 2.0 (Swagger), OpenAPI 3.x, OpenAPI 3.0.x, OpenAPI 3.1.x]

✖ 1 problem (0 errors, 1 warning, 0 infos, 0 hints)

/work/docs/02_api_example.yaml
 1:1  warning  oas3-api-servers       OpenAPI "servers" must be present and non-empty array.
 2:6  warning  info-contact           Info object must have "contact" object.                        info
 2:6  warning  info-description       Info "description" must be present and non-empty string.       info
 7:9  warning  operation-description  Operation "description" must be present and non-empty string.  paths./orders.get
 7:9  warning  operation-operationId  Operation must have "operationId".                             paths./orders.get
 7:9  warning  operation-tags         Operation must have non-empty "tags" array.                    paths./orders.get

✖ 6 problems (0 errors, 6 warnings, 0 infos, 0 hints)

/work/docs/api/order.yaml
 15:10  warning  operation-description  Operation "description" must be present and non-empty string.  paths./pos/order/{guid}.post
 15:10  warning  operation-tags         Operation must have non-empty "tags" array.                    paths./pos/order/{guid}.post

✖ 2 problems (0 errors, 2 warnings, 0 infos, 0 hints)

/work/.gitlab-ci.yml
 1:1  warning  unrecognized-format  The provided document does not match any of the registered formats [OpenAPI 2.0 (Swagger), OpenAPI 3.x, OpenAPI 3.0.x, OpenAPI 3.1.x]

✖ 1 problem (0 errors, 1 warning, 0 infos, 0 hints)

/work/.spectral.yaml
 1:1  warning  unrecognized-format  The provided document does not match any of the registered formats [OpenAPI 2.0 (Swagger), OpenAPI 3.x, OpenAPI 3.0.x, OpenAPI 3.1.x]

✖ 1 problem (0 errors, 1 warning, 0 infos, 0 hints)

/work/.vale/styles/Russian/spelling.yml
 1:1  warning  unrecognized-format  The provided document does not match any of the registered formats [OpenAPI 2.0 (Swagger), OpenAPI 3.x, OpenAPI 3.0.x, OpenAPI 3.1.x]

✖ 1 problem (0 errors, 1 warning, 0 infos, 0 hints)

/work/.vale/styles/Russian/terms.yml
 1:1  warning  unrecognized-format  The provided document does not match any of the registered formats [OpenAPI 2.0 (Swagger), OpenAPI 3.x, OpenAPI 3.0.x, OpenAPI 3.1.x]

✖ 1 problem (0 errors, 1 warning, 0 infos, 0 hints)

/work/docs/02_api_example.yaml
 1:1  warning  oas3-api-servers       OpenAPI "servers" must be present and non-empty array.
 2:6  warning  info-contact           Info object must have "contact" object.                        info
 2:6  warning  info-description       Info "description" must be present and non-empty string.       info
 7:9  warning  operation-description  Operation "description" must be present and non-empty string.  paths./orders.get
 7:9  warning  operation-operationId  Operation must have "operationId".                             paths./orders.get
 7:9  warning  operation-tags         Operation must have non-empty "tags" array.                    paths./orders.get

✖ 6 problems (0 errors, 6 warnings, 0 infos, 0 hints)

/work/docs/api/order.yaml
 15:10  warning  operation-description  Operation "description" must be present and non-empty string.  paths./pos/order/{guid}.post
 15:10  warning  operation-tags         Operation must have non-empty "tags" array.                    paths./pos/order/{guid}.post

✖ 2 problems (0 errors, 2 warnings, 0 infos, 0 hints)

/work/.gitlab-ci.yml
 1:1  warning  unrecognized-format  The provided document does not match any of the registered formats [OpenAPI 2.0 (Swagger), OpenAPI 3.x, OpenAPI 3.0.x, OpenAPI 3.1.x]

✖ 1 problem (0 errors, 1 warning, 0 infos, 0 hints)

/work/.spectral.yaml
 1:1  warning  unrecognized-format  The provided document does not match any of the registered formats [OpenAPI 2.0 (Swagger), OpenAPI 3.x, OpenAPI 3.0.x, OpenAPI 3.1.x]

✖ 1 problem (0 errors, 1 warning, 0 infos, 0 hints)

/work/.vale/styles/Russian/spelling.yml
 1:1  warning  unrecognized-format  The provided document does not match any of the registered formats [OpenAPI 2.0 (Swagger), OpenAPI 3.x, OpenAPI 3.0.x, OpenAPI 3.1.x]

✖ 1 problem (0 errors, 1 warning, 0 infos, 0 hints)

/work/.vale/styles/Russian/terms.yml
 1:1  warning  unrecognized-format  The provided document does not match any of the registered formats [OpenAPI 2.0 (Swagger), OpenAPI 3.x, OpenAPI 3.0.x, OpenAPI 3.1.x]

✖ 1 problem (0 errors, 1 warning, 0 infos, 0 hints)

/work/docs/02_api_example.yaml
 1:1  warning  oas3-api-servers       OpenAPI "servers" must be present and non-empty array.
 2:6  warning  info-contact           Info object must have "contact" object.                        info
 2:6  warning  info-description       Info "description" must be present and non-empty string.       info
 7:9  warning  operation-description  Operation "description" must be present and non-empty string.  paths./orders.get
 7:9  warning  operation-operationId  Operation must have "operationId".                             paths./orders.get
 7:9  warning  operation-tags         Operation must have non-empty "tags" array.                    paths./orders.get

✖ 6 problems (0 errors, 6 warnings, 0 infos, 0 hints)

/work/docs/api/order.yaml
 15:10  warning  operation-description  Operation "description" must be present and non-empty string.  paths./pos/order/{guid}.post
 15:10  warning  operation-tags         Operation must have non-empty "tags" array.                    paths./pos/order/{guid}.post

✖ 2 problems (0 errors, 2 warnings, 0 infos, 0 hints)

/work/.gitlab-ci.yml
 1:1  warning  unrecognized-format  The provided document does not match any of the registered formats [OpenAPI 2.0 (Swagger), OpenAPI 3.x, OpenAPI 3.0.x, OpenAPI 3.1.x]

✖ 1 problem (0 errors, 1 warning, 0 infos, 0 hints)

/work/.spectral.yaml
 1:1  warning  unrecognized-format  The provided document does not match any of the registered formats [OpenAPI 2.0 (Swagger), OpenAPI 3.x, OpenAPI 3.0.x, OpenAPI 3.1.x]

✖ 1 problem (0 errors, 1 warning, 0 infos, 0 hints)

/work/.vale/styles/Russian/spelling.yml
 1:1  warning  unrecognized-format  The provided document does not match any of the registered formats [OpenAPI 2.0 (Swagger), OpenAPI 3.x, OpenAPI 3.0.x, OpenAPI 3.1.x]

✖ 1 problem (0 errors, 1 warning, 0 infos, 0 hints)

/work/.vale/styles/Russian/terms.yml
 1:1  warning  unrecognized-format  The provided document does not match any of the registered formats [OpenAPI 2.0 (Swagger), OpenAPI 3.x, OpenAPI 3.0.x, OpenAPI 3.1.x]

✖ 1 problem (0 errors, 1 warning, 0 infos, 0 hints)

/work/docs/02_api_example.yaml
 1:1  warning  oas3-api-servers       OpenAPI "servers" must be present and non-empty array.
 2:6  warning  info-contact           Info object must have "contact" object.                        info
 2:6  warning  info-description       Info "description" must be present and non-empty string.       info
 7:9  warning  operation-description  Operation "description" must be present and non-empty string.  paths./orders.get
 7:9  warning  operation-operationId  Operation must have "operationId".                             paths./orders.get
 7:9  warning  operation-tags         Operation must have non-empty "tags" array.                    paths./orders.get

✖ 6 problems (0 errors, 6 warnings, 0 infos, 0 hints)

/work/docs/api/order.yaml
 15:10  warning  operation-description  Operation "description" must be present and non-empty string.  paths./pos/order/{guid}.post
 15:10  warning  operation-tags         Operation must have non-empty "tags" array.                    paths./pos/order/{guid}.post

✖ 2 problems (0 errors, 2 warnings, 0 infos, 0 hints)

/work/.gitlab-ci.yml
 1:1  warning  unrecognized-format  The provided document does not match any of the registered formats [OpenAPI 2.0 (Swagger), OpenAPI 3.x, OpenAPI 3.0.x, OpenAPI 3.1.x]

✖ 1 problem (0 errors, 1 warning, 0 infos, 0 hints)

/work/.spectral.yaml
 1:1  warning  unrecognized-format  The provided document does not match any of the registered formats [OpenAPI 2.0 (Swagger), OpenAPI 3.x, OpenAPI 3.0.x, OpenAPI 3.1.x]

✖ 1 problem (0 errors, 1 warning, 0 infos, 0 hints)

/work/.vale/styles/Russian/spelling.yml
 1:1  warning  unrecognized-format  The provided document does not match any of the registered formats [OpenAPI 2.0 (Swagger), OpenAPI 3.x, OpenAPI 3.0.x, OpenAPI 3.1.x]

✖ 1 problem (0 errors, 1 warning, 0 infos, 0 hints)

/work/.vale/styles/Russian/terms.yml
 1:1  warning  unrecognized-format  The provided document does not match any of the registered formats [OpenAPI 2.0 (Swagger), OpenAPI 3.x, OpenAPI 3.0.x, OpenAPI 3.1.x]

✖ 1 problem (0 errors, 1 warning, 0 infos, 0 hints)

/work/docs/02_api_example.yaml
 1:1  warning  oas3-api-servers       OpenAPI "servers" must be present and non-empty array.
 2:6  warning  info-contact           Info object must have "contact" object.                        info
 2:6  warning  info-description       Info "description" must be present and non-empty string.       info
 7:9  warning  operation-description  Operation "description" must be present and non-empty string.  paths./orders.get
 7:9  warning  operation-operationId  Operation must have "operationId".                             paths./orders.get
 7:9  warning  operation-tags         Operation must have non-empty "tags" array.                    paths./orders.get

✖ 6 problems (0 errors, 6 warnings, 0 infos, 0 hints)

/work/docs/api/order.yaml
 15:10  warning  operation-description  Operation "description" must be present and non-empty string.  paths./pos/order/{guid}.post
 15:10  warning  operation-tags         Operation must have non-empty "tags" array.                    paths./pos/order/{guid}.post

✖ 2 problems (0 errors, 2 warnings, 0 infos, 0 hints)
